<?xml version="1.0" encoding="UTF-8"?>
<!-- Generated by org.testng.reporters.JUnitXMLReporter -->
<testsuite hostname="DESKTOP-0GOSDQT" ignored="0" name="OMS Tests" tests="3" failures="0" timestamp="10 Nov 2018 10:10:42 GMT" time="34.568" errors="0">
  <testcase name="omsCategoryNotVisible" time="7.181" classname="tests.OMSVisiblity"/>
  <testcase name="omsCategoryVisible" time="8.888" classname="tests.OMSVisiblity"/>
  <testcase name="omsProductVisible" time="7.712" classname="tests.OMSVisiblity"/>
</testsuite> <!-- OMS Tests -->
