<?xml version="1.0" encoding="UTF-8"?>
<!-- Generated by org.testng.reporters.JUnitXMLReporter -->
<testsuite hostname="DESKTOP-0GOSDQT" ignored="0" name="OMS Tests" tests="3" failures="0" timestamp="12 Nov 2018 11:38:50 GMT" time="32.152" errors="0">
  <testcase name="omsCategoryNotVisible" time="7.308" classname="tests.OMSVisiblity"/>
  <testcase name="omsCategoryVisible" time="8.297" classname="tests.OMSVisiblity"/>
  <testcase name="omsProductVisible" time="7.829" classname="tests.OMSVisiblity"/>
</testsuite> <!-- OMS Tests -->
