<?xml version="1.0" encoding="UTF-8"?>
<!-- Generated by org.testng.reporters.JUnitXMLReporter -->
<testsuite hostname="DESKTOP-0GOSDQT" ignored="0" name="SmokeTests" tests="11" failures="0" timestamp="10 Nov 2018 10:10:07 GMT" time="58.678" errors="0">
  <testcase name="AccountCorrectDestination" time="2.15" classname="smokeTests.MainPage"/>
  <testcase name="BasketCorrectDestination" time="1.979" classname="smokeTests.MainPage"/>
  <testcase name="LogoCorrectDestination" time="2.013" classname="smokeTests.MainPage"/>
  <testcase name="mainpageAccountPresent" time="0.502" classname="smokeTests.MainPage"/>
  <testcase name="mainpageBasketPresent" time="0.469" classname="smokeTests.MainPage"/>
  <testcase name="mainpageLogoPresent" time="0.185" classname="smokeTests.MainPage"/>
  <testcase name="mainpageTitleCorrect" time="0.057" classname="smokeTests.MainPage"/>
  <testcase name="resultsBlockPresent" time="0.675" classname="smokeTests.MainPage"/>
  <testcase name="searchBarPresent" time="0.136" classname="smokeTests.MainPage"/>
  <testcase name="normalUserLogin" time="7.828" classname="smokeTests.LoginPage"/>
  <testcase name="omsUserLogin" time="7.729" classname="smokeTests.LoginPage"/>
</testsuite> <!-- SmokeTests -->
