<?xml version="1.0" encoding="UTF-8"?>
<!-- Generated by org.testng.reporters.JUnitXMLReporter -->
<testsuite hostname="DESKTOP-0GOSDQT" ignored="0" name="SmokeTests" tests="11" failures="0" timestamp="12 Nov 2018 11:38:18 GMT" time="56.327" errors="0">
  <testcase name="AccountCorrectDestination" time="2.495" classname="smokeTests.MainPage"/>
  <testcase name="BasketCorrectDestination" time="2.087" classname="smokeTests.MainPage"/>
  <testcase name="LogoCorrectDestination" time="1.536" classname="smokeTests.MainPage"/>
  <testcase name="mainpageAccountPresent" time="0.525" classname="smokeTests.MainPage"/>
  <testcase name="mainpageBasketPresent" time="0.572" classname="smokeTests.MainPage"/>
  <testcase name="mainpageLogoPresent" time="0.208" classname="smokeTests.MainPage"/>
  <testcase name="mainpageTitleCorrect" time="0.054" classname="smokeTests.MainPage"/>
  <testcase name="resultsBlockPresent" time="0.83" classname="smokeTests.MainPage"/>
  <testcase name="searchBarPresent" time="0.247" classname="smokeTests.MainPage"/>
  <testcase name="normalUserLogin" time="7.174" classname="smokeTests.LoginPage"/>
  <testcase name="omsUserLogin" time="7.455" classname="smokeTests.LoginPage"/>
</testsuite> <!-- SmokeTests -->
