<?xml version="1.0" encoding="UTF-8"?>
<testng-results skipped="0" failed="2" ignored="0" total="18" passed="16">
  <reporter-output>
  </reporter-output>
  <suite name="SmokeTests" duration-ms="420293" started-at="2018-11-14T22:03:33Z" finished-at="2018-11-14T22:10:33Z">
    <groups>
    </groups>
    <test name="PageTests" duration-ms="193717" started-at="2018-11-14T22:03:33Z" finished-at="2018-11-14T22:06:47Z">
      <class name="smokeTests.ProductDetailsPage">
        <test-method status="PASS" signature="setUp(java.lang.String, java.lang.String)[pri:0, instance:smokeTests.ProductDetailsPage@158d2680]" name="setUp" is-config="true" duration-ms="10509" started-at="2018-11-14T22:06:35Z" finished-at="2018-11-14T22:06:45Z">
          <params>
            <param index="0">
              <value>
                <![CDATA[headless]]>
              </value>
            </param>
            <param index="1">
              <value>
                <![CDATA[prod]]>
              </value>
            </param>
          </params>
          <reporter-output>
          </reporter-output>
        </test-method> <!-- setUp -->
        <test-method status="FAIL" signature="alwaysFails()[pri:0, instance:smokeTests.ProductDetailsPage@158d2680]" name="alwaysFails" duration-ms="1" started-at="2018-11-14T22:06:45Z" finished-at="2018-11-14T22:06:45Z">
          <exception class="java.lang.AssertionError">
            <message>
              <![CDATA[expected [0] but found [1]]]>
            </message>
            <full-stacktrace>
              <![CDATA[java.lang.AssertionError: expected [0] but found [1]
at org.testng.Assert.fail(Assert.java:96)
at org.testng.Assert.failNotEquals(Assert.java:776)
at org.testng.Assert.assertEqualsImpl(Assert.java:137)
at org.testng.Assert.assertEquals(Assert.java:118)
at org.testng.Assert.assertEquals(Assert.java:453)
at org.testng.Assert.assertEquals(Assert.java:463)
at smokeTests.ProductDetailsPage.alwaysFails(ProductDetailsPage.java:20)
at sun.reflect.NativeMethodAccessorImpl.invoke0(Native Method)
at sun.reflect.NativeMethodAccessorImpl.invoke(Unknown Source)
at sun.reflect.DelegatingMethodAccessorImpl.invoke(Unknown Source)
at java.lang.reflect.Method.invoke(Unknown Source)
at org.testng.internal.MethodInvocationHelper.invokeMethod(MethodInvocationHelper.java:124)
at org.testng.internal.Invoker.invokeMethod(Invoker.java:580)
at org.testng.internal.Invoker.invokeTestMethod(Invoker.java:716)
at org.testng.internal.Invoker.invokeTestMethods(Invoker.java:988)
at org.testng.internal.TestMethodWorker.invokeTestMethods(TestMethodWorker.java:125)
at org.testng.internal.TestMethodWorker.run(TestMethodWorker.java:109)
at org.testng.TestRunner.privateRun(TestRunner.java:648)
at org.testng.TestRunner.run(TestRunner.java:505)
at org.testng.SuiteRunner.runTest(SuiteRunner.java:455)
at org.testng.SuiteRunner.runSequentially(SuiteRunner.java:450)
at org.testng.SuiteRunner.privateRun(SuiteRunner.java:415)
at org.testng.SuiteRunner.run(SuiteRunner.java:364)
at org.testng.SuiteRunnerWorker.runSuite(SuiteRunnerWorker.java:52)
at org.testng.SuiteRunnerWorker.run(SuiteRunnerWorker.java:84)
at org.testng.TestNG.runSuitesSequentially(TestNG.java:1208)
at org.testng.TestNG.runSuitesLocally(TestNG.java:1137)
at org.testng.TestNG.runSuites(TestNG.java:1049)
at org.testng.TestNG.run(TestNG.java:1017)
at org.testng.remote.AbstractRemoteTestNG.run(AbstractRemoteTestNG.java:114)
at org.testng.remote.RemoteTestNG.initAndRun(RemoteTestNG.java:251)
at org.testng.remote.RemoteTestNG.main(RemoteTestNG.java:77)
]]>
            </full-stacktrace>
          </exception> <!-- java.lang.AssertionError -->
          <reporter-output>
          </reporter-output>
        </test-method> <!-- alwaysFails -->
        <test-method status="PASS" signature="tearDown()[pri:0, instance:smokeTests.ProductDetailsPage@158d2680]" name="tearDown" is-config="true" duration-ms="69" started-at="2018-11-14T22:06:47Z" finished-at="2018-11-14T22:06:47Z">
          <reporter-output>
          </reporter-output>
        </test-method> <!-- tearDown -->
      </class> <!-- smokeTests.ProductDetailsPage -->
      <class name="smokeTests.LoginPage">
        <test-method status="PASS" signature="setUp(java.lang.String, java.lang.String)[pri:0, instance:smokeTests.LoginPage@131774fe]" name="setUp" is-config="true" duration-ms="4998" started-at="2018-11-14T22:06:07Z" finished-at="2018-11-14T22:06:12Z">
          <params>
            <param index="0">
              <value>
                <![CDATA[headless]]>
              </value>
            </param>
            <param index="1">
              <value>
                <![CDATA[prod]]>
              </value>
            </param>
          </params>
          <reporter-output>
          </reporter-output>
        </test-method> <!-- setUp -->
        <test-method status="PASS" signature="normalUserLogin()[pri:0, instance:smokeTests.LoginPage@131774fe]" name="normalUserLogin" duration-ms="8905" started-at="2018-11-14T22:06:12Z" finished-at="2018-11-14T22:06:20Z">
          <reporter-output>
          </reporter-output>
        </test-method> <!-- normalUserLogin -->
        <test-method status="PASS" signature="tearDown()[pri:0, instance:smokeTests.LoginPage@131774fe]" name="tearDown" is-config="true" duration-ms="70" started-at="2018-11-14T22:06:20Z" finished-at="2018-11-14T22:06:21Z">
          <reporter-output>
          </reporter-output>
        </test-method> <!-- tearDown -->
        <test-method status="PASS" signature="setUp(java.lang.String, java.lang.String)[pri:0, instance:smokeTests.LoginPage@131774fe]" name="setUp" is-config="true" duration-ms="5439" started-at="2018-11-14T22:06:21Z" finished-at="2018-11-14T22:06:26Z">
          <params>
            <param index="0">
              <value>
                <![CDATA[headless]]>
              </value>
            </param>
            <param index="1">
              <value>
                <![CDATA[prod]]>
              </value>
            </param>
          </params>
          <reporter-output>
          </reporter-output>
        </test-method> <!-- setUp -->
        <test-method status="PASS" signature="omsUserLogin()[pri:0, instance:smokeTests.LoginPage@131774fe]" name="omsUserLogin" duration-ms="8880" started-at="2018-11-14T22:06:26Z" finished-at="2018-11-14T22:06:35Z">
          <reporter-output>
          </reporter-output>
        </test-method> <!-- omsUserLogin -->
        <test-method status="PASS" signature="tearDown()[pri:0, instance:smokeTests.LoginPage@131774fe]" name="tearDown" is-config="true" duration-ms="69" started-at="2018-11-14T22:06:35Z" finished-at="2018-11-14T22:06:35Z">
          <reporter-output>
          </reporter-output>
        </test-method> <!-- tearDown -->
      </class> <!-- smokeTests.LoginPage -->
      <class name="smokeTests.MainPage">
        <test-method status="PASS" signature="setUp(java.lang.String, java.lang.String)[pri:0, instance:smokeTests.MainPage@10e31a9a]" name="setUp" is-config="true" duration-ms="46693" started-at="2018-11-14T22:03:33Z" finished-at="2018-11-14T22:04:20Z">
          <params>
            <param index="0">
              <value>
                <![CDATA[headless]]>
              </value>
            </param>
            <param index="1">
              <value>
                <![CDATA[prod]]>
              </value>
            </param>
          </params>
          <reporter-output>
          </reporter-output>
        </test-method> <!-- setUp -->
        <test-method status="PASS" signature="AccountCorrectDestination()[pri:0, instance:smokeTests.MainPage@10e31a9a]" name="AccountCorrectDestination" duration-ms="35193" started-at="2018-11-14T22:04:20Z" finished-at="2018-11-14T22:04:55Z">
          <reporter-output>
          </reporter-output>
        </test-method> <!-- AccountCorrectDestination -->
        <test-method status="PASS" signature="tearDown()[pri:0, instance:smokeTests.MainPage@10e31a9a]" name="tearDown" is-config="true" duration-ms="73" started-at="2018-11-14T22:04:55Z" finished-at="2018-11-14T22:04:55Z">
          <reporter-output>
          </reporter-output>
        </test-method> <!-- tearDown -->
        <test-method status="PASS" signature="setUp(java.lang.String, java.lang.String)[pri:0, instance:smokeTests.MainPage@10e31a9a]" name="setUp" is-config="true" duration-ms="25525" started-at="2018-11-14T22:04:55Z" finished-at="2018-11-14T22:05:21Z">
          <params>
            <param index="0">
              <value>
                <![CDATA[headless]]>
              </value>
            </param>
            <param index="1">
              <value>
                <![CDATA[prod]]>
              </value>
            </param>
          </params>
          <reporter-output>
          </reporter-output>
        </test-method> <!-- setUp -->
        <test-method status="PASS" signature="BasketCorrectDestination()[pri:0, instance:smokeTests.MainPage@10e31a9a]" name="BasketCorrectDestination" duration-ms="4643" started-at="2018-11-14T22:05:21Z" finished-at="2018-11-14T22:05:25Z">
          <reporter-output>
          </reporter-output>
        </test-method> <!-- BasketCorrectDestination -->
        <test-method status="PASS" signature="tearDown()[pri:0, instance:smokeTests.MainPage@10e31a9a]" name="tearDown" is-config="true" duration-ms="70" started-at="2018-11-14T22:05:25Z" finished-at="2018-11-14T22:05:25Z">
          <reporter-output>
          </reporter-output>
        </test-method> <!-- tearDown -->
        <test-method status="PASS" signature="setUp(java.lang.String, java.lang.String)[pri:0, instance:smokeTests.MainPage@10e31a9a]" name="setUp" is-config="true" duration-ms="6626" started-at="2018-11-14T22:05:25Z" finished-at="2018-11-14T22:05:32Z">
          <params>
            <param index="0">
              <value>
                <![CDATA[headless]]>
              </value>
            </param>
            <param index="1">
              <value>
                <![CDATA[prod]]>
              </value>
            </param>
          </params>
          <reporter-output>
          </reporter-output>
        </test-method> <!-- setUp -->
        <test-method status="PASS" signature="LogoCorrectDestination()[pri:0, instance:smokeTests.MainPage@10e31a9a]" name="LogoCorrectDestination" duration-ms="1209" started-at="2018-11-14T22:05:32Z" finished-at="2018-11-14T22:05:33Z">
          <reporter-output>
          </reporter-output>
        </test-method> <!-- LogoCorrectDestination -->
        <test-method status="PASS" signature="tearDown()[pri:0, instance:smokeTests.MainPage@10e31a9a]" name="tearDown" is-config="true" duration-ms="121" started-at="2018-11-14T22:05:33Z" finished-at="2018-11-14T22:05:33Z">
          <reporter-output>
          </reporter-output>
        </test-method> <!-- tearDown -->
        <test-method status="PASS" signature="setUp(java.lang.String, java.lang.String)[pri:0, instance:smokeTests.MainPage@10e31a9a]" name="setUp" is-config="true" duration-ms="5175" started-at="2018-11-14T22:05:33Z" finished-at="2018-11-14T22:05:38Z">
          <params>
            <param index="0">
              <value>
                <![CDATA[headless]]>
              </value>
            </param>
            <param index="1">
              <value>
                <![CDATA[prod]]>
              </value>
            </param>
          </params>
          <reporter-output>
          </reporter-output>
        </test-method> <!-- setUp -->
        <test-method status="PASS" signature="mainpageAccountPresent()[pri:0, instance:smokeTests.MainPage@10e31a9a]" name="mainpageAccountPresent" duration-ms="138" started-at="2018-11-14T22:05:38Z" finished-at="2018-11-14T22:05:39Z">
          <reporter-output>
          </reporter-output>
        </test-method> <!-- mainpageAccountPresent -->
        <test-method status="PASS" signature="tearDown()[pri:0, instance:smokeTests.MainPage@10e31a9a]" name="tearDown" is-config="true" duration-ms="122" started-at="2018-11-14T22:05:39Z" finished-at="2018-11-14T22:05:39Z">
          <reporter-output>
          </reporter-output>
        </test-method> <!-- tearDown -->
        <test-method status="PASS" signature="setUp(java.lang.String, java.lang.String)[pri:0, instance:smokeTests.MainPage@10e31a9a]" name="setUp" is-config="true" duration-ms="5041" started-at="2018-11-14T22:05:39Z" finished-at="2018-11-14T22:05:44Z">
          <params>
            <param index="0">
              <value>
                <![CDATA[headless]]>
              </value>
            </param>
            <param index="1">
              <value>
                <![CDATA[prod]]>
              </value>
            </param>
          </params>
          <reporter-output>
          </reporter-output>
        </test-method> <!-- setUp -->
        <test-method status="PASS" signature="mainpageBasketPresent()[pri:0, instance:smokeTests.MainPage@10e31a9a]" name="mainpageBasketPresent" duration-ms="148" started-at="2018-11-14T22:05:44Z" finished-at="2018-11-14T22:05:44Z">
          <reporter-output>
          </reporter-output>
        </test-method> <!-- mainpageBasketPresent -->
        <test-method status="PASS" signature="tearDown()[pri:0, instance:smokeTests.MainPage@10e31a9a]" name="tearDown" is-config="true" duration-ms="67" started-at="2018-11-14T22:05:44Z" finished-at="2018-11-14T22:05:44Z">
          <reporter-output>
          </reporter-output>
        </test-method> <!-- tearDown -->
        <test-method status="PASS" signature="setUp(java.lang.String, java.lang.String)[pri:0, instance:smokeTests.MainPage@10e31a9a]" name="setUp" is-config="true" duration-ms="4785" started-at="2018-11-14T22:05:44Z" finished-at="2018-11-14T22:05:49Z">
          <params>
            <param index="0">
              <value>
                <![CDATA[headless]]>
              </value>
            </param>
            <param index="1">
              <value>
                <![CDATA[prod]]>
              </value>
            </param>
          </params>
          <reporter-output>
          </reporter-output>
        </test-method> <!-- setUp -->
        <test-method status="PASS" signature="mainpageLogoPresent()[pri:0, instance:smokeTests.MainPage@10e31a9a]" name="mainpageLogoPresent" duration-ms="102" started-at="2018-11-14T22:05:49Z" finished-at="2018-11-14T22:05:49Z">
          <reporter-output>
          </reporter-output>
        </test-method> <!-- mainpageLogoPresent -->
        <test-method status="PASS" signature="tearDown()[pri:0, instance:smokeTests.MainPage@10e31a9a]" name="tearDown" is-config="true" duration-ms="126" started-at="2018-11-14T22:05:49Z" finished-at="2018-11-14T22:05:49Z">
          <reporter-output>
          </reporter-output>
        </test-method> <!-- tearDown -->
        <test-method status="PASS" signature="setUp(java.lang.String, java.lang.String)[pri:0, instance:smokeTests.MainPage@10e31a9a]" name="setUp" is-config="true" duration-ms="4940" started-at="2018-11-14T22:05:49Z" finished-at="2018-11-14T22:05:54Z">
          <params>
            <param index="0">
              <value>
                <![CDATA[headless]]>
              </value>
            </param>
            <param index="1">
              <value>
                <![CDATA[prod]]>
              </value>
            </param>
          </params>
          <reporter-output>
          </reporter-output>
        </test-method> <!-- setUp -->
        <test-method status="PASS" signature="mainpageTitleCorrect()[pri:0, instance:smokeTests.MainPage@10e31a9a]" name="mainpageTitleCorrect" duration-ms="29" started-at="2018-11-14T22:05:54Z" finished-at="2018-11-14T22:05:54Z">
          <reporter-output>
          </reporter-output>
        </test-method> <!-- mainpageTitleCorrect -->
        <test-method status="PASS" signature="tearDown()[pri:0, instance:smokeTests.MainPage@10e31a9a]" name="tearDown" is-config="true" duration-ms="68" started-at="2018-11-14T22:05:54Z" finished-at="2018-11-14T22:05:54Z">
          <reporter-output>
          </reporter-output>
        </test-method> <!-- tearDown -->
        <test-method status="PASS" signature="setUp(java.lang.String, java.lang.String)[pri:0, instance:smokeTests.MainPage@10e31a9a]" name="setUp" is-config="true" duration-ms="5341" started-at="2018-11-14T22:05:54Z" finished-at="2018-11-14T22:05:59Z">
          <params>
            <param index="0">
              <value>
                <![CDATA[headless]]>
              </value>
            </param>
            <param index="1">
              <value>
                <![CDATA[prod]]>
              </value>
            </param>
          </params>
          <reporter-output>
          </reporter-output>
        </test-method> <!-- setUp -->
        <test-method status="FAIL" signature="resultsBlockPresent()[pri:0, instance:smokeTests.MainPage@10e31a9a]" name="resultsBlockPresent" duration-ms="605" started-at="2018-11-14T22:05:59Z" finished-at="2018-11-14T22:06:00Z">
          <exception class="java.lang.AssertionError">
            <message>
              <![CDATA[expected [true] but found [false]]]>
            </message>
            <full-stacktrace>
              <![CDATA[java.lang.AssertionError: expected [true] but found [false]
at org.testng.Assert.fail(Assert.java:96)
at org.testng.Assert.failNotEquals(Assert.java:776)
at org.testng.Assert.assertTrue(Assert.java:44)
at org.testng.Assert.assertTrue(Assert.java:54)
at smokeTests.MainPage.resultsBlockPresent(MainPage.java:46)
at sun.reflect.NativeMethodAccessorImpl.invoke0(Native Method)
at sun.reflect.NativeMethodAccessorImpl.invoke(Unknown Source)
at sun.reflect.DelegatingMethodAccessorImpl.invoke(Unknown Source)
at java.lang.reflect.Method.invoke(Unknown Source)
at org.testng.internal.MethodInvocationHelper.invokeMethod(MethodInvocationHelper.java:124)
at org.testng.internal.Invoker.invokeMethod(Invoker.java:580)
at org.testng.internal.Invoker.invokeTestMethod(Invoker.java:716)
at org.testng.internal.Invoker.invokeTestMethods(Invoker.java:988)
at org.testng.internal.TestMethodWorker.invokeTestMethods(TestMethodWorker.java:125)
at org.testng.internal.TestMethodWorker.run(TestMethodWorker.java:109)
at org.testng.TestRunner.privateRun(TestRunner.java:648)
at org.testng.TestRunner.run(TestRunner.java:505)
at org.testng.SuiteRunner.runTest(SuiteRunner.java:455)
at org.testng.SuiteRunner.runSequentially(SuiteRunner.java:450)
at org.testng.SuiteRunner.privateRun(SuiteRunner.java:415)
at org.testng.SuiteRunner.run(SuiteRunner.java:364)
at org.testng.SuiteRunnerWorker.runSuite(SuiteRunnerWorker.java:52)
at org.testng.SuiteRunnerWorker.run(SuiteRunnerWorker.java:84)
at org.testng.TestNG.runSuitesSequentially(TestNG.java:1208)
at org.testng.TestNG.runSuitesLocally(TestNG.java:1137)
at org.testng.TestNG.runSuites(TestNG.java:1049)
at org.testng.TestNG.run(TestNG.java:1017)
at org.testng.remote.AbstractRemoteTestNG.run(AbstractRemoteTestNG.java:114)
at org.testng.remote.RemoteTestNG.initAndRun(RemoteTestNG.java:251)
at org.testng.remote.RemoteTestNG.main(RemoteTestNG.java:77)
]]>
            </full-stacktrace>
          </exception> <!-- java.lang.AssertionError -->
          <reporter-output>
          </reporter-output>
        </test-method> <!-- resultsBlockPresent -->
        <test-method status="PASS" signature="tearDown()[pri:0, instance:smokeTests.MainPage@10e31a9a]" name="tearDown" is-config="true" duration-ms="69" started-at="2018-11-14T22:06:01Z" finished-at="2018-11-14T22:06:01Z">
          <reporter-output>
          </reporter-output>
        </test-method> <!-- tearDown -->
        <test-method status="PASS" signature="setUp(java.lang.String, java.lang.String)[pri:0, instance:smokeTests.MainPage@10e31a9a]" name="setUp" is-config="true" duration-ms="5236" started-at="2018-11-14T22:06:01Z" finished-at="2018-11-14T22:06:06Z">
          <params>
            <param index="0">
              <value>
                <![CDATA[headless]]>
              </value>
            </param>
            <param index="1">
              <value>
                <![CDATA[prod]]>
              </value>
            </param>
          </params>
          <reporter-output>
          </reporter-output>
        </test-method> <!-- setUp -->
        <test-method status="PASS" signature="searchBarPresent()[pri:0, instance:smokeTests.MainPage@10e31a9a]" name="searchBarPresent" duration-ms="36" started-at="2018-11-14T22:06:06Z" finished-at="2018-11-14T22:06:07Z">
          <reporter-output>
          </reporter-output>
        </test-method> <!-- searchBarPresent -->
        <test-method status="PASS" signature="tearDown()[pri:0, instance:smokeTests.MainPage@10e31a9a]" name="tearDown" is-config="true" duration-ms="71" started-at="2018-11-14T22:06:07Z" finished-at="2018-11-14T22:06:07Z">
          <reporter-output>
          </reporter-output>
        </test-method> <!-- tearDown -->
      </class> <!-- smokeTests.MainPage -->
    </test> <!-- PageTests -->
    <test name="OMS Tests" duration-ms="226545" started-at="2018-11-14T22:06:47Z" finished-at="2018-11-14T22:10:33Z">
      <class name="tests.OMSVisiblity">
        <test-method status="PASS" signature="setUp(java.lang.String, java.lang.String)[pri:0, instance:tests.OMSVisiblity@4562e04d]" name="setUp" is-config="true" duration-ms="14016" started-at="2018-11-14T22:06:47Z" finished-at="2018-11-14T22:07:01Z">
          <params>
            <param index="0">
              <value>
                <![CDATA[headless]]>
              </value>
            </param>
            <param index="1">
              <value>
                <![CDATA[prod]]>
              </value>
            </param>
          </params>
          <reporter-output>
          </reporter-output>
        </test-method> <!-- setUp -->
        <test-method status="PASS" signature="omsCategoryNotVisible()[pri:0, instance:tests.OMSVisiblity@4562e04d]" name="omsCategoryNotVisible" duration-ms="8691" started-at="2018-11-14T22:07:01Z" finished-at="2018-11-14T22:07:10Z">
          <reporter-output>
          </reporter-output>
        </test-method> <!-- omsCategoryNotVisible -->
        <test-method status="PASS" signature="tearDown()[pri:0, instance:tests.OMSVisiblity@4562e04d]" name="tearDown" is-config="true" duration-ms="72" started-at="2018-11-14T22:07:10Z" finished-at="2018-11-14T22:07:10Z">
          <reporter-output>
          </reporter-output>
        </test-method> <!-- tearDown -->
        <test-method status="PASS" signature="setUp(java.lang.String, java.lang.String)[pri:0, instance:tests.OMSVisiblity@4562e04d]" name="setUp" is-config="true" duration-ms="14766" started-at="2018-11-14T22:07:10Z" finished-at="2018-11-14T22:07:24Z">
          <params>
            <param index="0">
              <value>
                <![CDATA[headless]]>
              </value>
            </param>
            <param index="1">
              <value>
                <![CDATA[prod]]>
              </value>
            </param>
          </params>
          <reporter-output>
          </reporter-output>
        </test-method> <!-- setUp -->
        <test-method status="PASS" signature="omsCategoryVisible()[pri:0, instance:tests.OMSVisiblity@4562e04d]" name="omsCategoryVisible" duration-ms="7917" started-at="2018-11-14T22:07:24Z" finished-at="2018-11-14T22:07:32Z">
          <reporter-output>
          </reporter-output>
        </test-method> <!-- omsCategoryVisible -->
        <test-method status="PASS" signature="tearDown()[pri:0, instance:tests.OMSVisiblity@4562e04d]" name="tearDown" is-config="true" duration-ms="70" started-at="2018-11-14T22:07:32Z" finished-at="2018-11-14T22:07:32Z">
          <reporter-output>
          </reporter-output>
        </test-method> <!-- tearDown -->
        <test-method status="PASS" signature="setUp(java.lang.String, java.lang.String)[pri:0, instance:tests.OMSVisiblity@4562e04d]" name="setUp" is-config="true" duration-ms="14769" started-at="2018-11-14T22:07:32Z" finished-at="2018-11-14T22:07:47Z">
          <params>
            <param index="0">
              <value>
                <![CDATA[headless]]>
              </value>
            </param>
            <param index="1">
              <value>
                <![CDATA[prod]]>
              </value>
            </param>
          </params>
          <reporter-output>
          </reporter-output>
        </test-method> <!-- setUp -->
        <test-method status="PASS" signature="omsProductVisible()[pri:0, instance:tests.OMSVisiblity@4562e04d]" name="omsProductVisible" duration-ms="8719" started-at="2018-11-14T22:07:47Z" finished-at="2018-11-14T22:07:56Z">
          <reporter-output>
          </reporter-output>
        </test-method> <!-- omsProductVisible -->
        <test-method status="PASS" signature="tearDown()[pri:0, instance:tests.OMSVisiblity@4562e04d]" name="tearDown" is-config="true" duration-ms="71" started-at="2018-11-14T22:07:56Z" finished-at="2018-11-14T22:07:56Z">
          <reporter-output>
          </reporter-output>
        </test-method> <!-- tearDown -->
      </class> <!-- tests.OMSVisiblity -->
      <class name="tests.OMSFunctional">
        <test-method status="PASS" signature="setUp(java.lang.String, java.lang.String)[pri:0, instance:tests.OMSFunctional@2a65fe7c]" name="setUp" is-config="true" duration-ms="42933" started-at="2018-11-14T22:07:56Z" finished-at="2018-11-14T22:08:39Z">
          <params>
            <param index="0">
              <value>
                <![CDATA[headless]]>
              </value>
            </param>
            <param index="1">
              <value>
                <![CDATA[prod]]>
              </value>
            </param>
          </params>
          <reporter-output>
          </reporter-output>
        </test-method> <!-- setUp -->
        <test-method status="PASS" signature="SearchResultGoToProduct()[pri:0, instance:tests.OMSFunctional@2a65fe7c]" name="SearchResultGoToProduct" duration-ms="3774" started-at="2018-11-14T22:08:39Z" finished-at="2018-11-14T22:08:43Z">
          <reporter-output>
          </reporter-output>
        </test-method> <!-- SearchResultGoToProduct -->
        <test-method status="PASS" signature="tearDown()[pri:0, instance:tests.OMSFunctional@2a65fe7c]" name="tearDown" is-config="true" duration-ms="70" started-at="2018-11-14T22:08:43Z" finished-at="2018-11-14T22:08:43Z">
          <reporter-output>
          </reporter-output>
        </test-method> <!-- tearDown -->
        <test-method status="PASS" signature="setUp(java.lang.String, java.lang.String)[pri:0, instance:tests.OMSFunctional@2a65fe7c]" name="setUp" is-config="true" duration-ms="95706" started-at="2018-11-14T22:08:43Z" finished-at="2018-11-14T22:10:18Z">
          <params>
            <param index="0">
              <value>
                <![CDATA[headless]]>
              </value>
            </param>
            <param index="1">
              <value>
                <![CDATA[prod]]>
              </value>
            </param>
          </params>
          <reporter-output>
          </reporter-output>
        </test-method> <!-- setUp -->
        <test-method status="PASS" signature="SearchResultsName()[pri:0, instance:tests.OMSFunctional@2a65fe7c]" name="SearchResultsName" duration-ms="1315" started-at="2018-11-14T22:10:18Z" finished-at="2018-11-14T22:10:20Z">
          <reporter-output>
          </reporter-output>
        </test-method> <!-- SearchResultsName -->
        <test-method status="PASS" signature="tearDown()[pri:0, instance:tests.OMSFunctional@2a65fe7c]" name="tearDown" is-config="true" duration-ms="71" started-at="2018-11-14T22:10:20Z" finished-at="2018-11-14T22:10:20Z">
          <reporter-output>
          </reporter-output>
        </test-method> <!-- tearDown -->
        <test-method status="PASS" signature="setUp(java.lang.String, java.lang.String)[pri:0, instance:tests.OMSFunctional@2a65fe7c]" name="setUp" is-config="true" duration-ms="12744" started-at="2018-11-14T22:10:20Z" finished-at="2018-11-14T22:10:33Z">
          <params>
            <param index="0">
              <value>
                <![CDATA[headless]]>
              </value>
            </param>
            <param index="1">
              <value>
                <![CDATA[prod]]>
              </value>
            </param>
          </params>
          <reporter-output>
          </reporter-output>
        </test-method> <!-- setUp -->
        <test-method status="PASS" signature="SearchResultsSKU()[pri:0, instance:tests.OMSFunctional@2a65fe7c]" name="SearchResultsSKU" duration-ms="765" started-at="2018-11-14T22:10:33Z" finished-at="2018-11-14T22:10:33Z">
          <reporter-output>
          </reporter-output>
        </test-method> <!-- SearchResultsSKU -->
        <test-method status="PASS" signature="tearDown()[pri:0, instance:tests.OMSFunctional@2a65fe7c]" name="tearDown" is-config="true" duration-ms="69" started-at="2018-11-14T22:10:33Z" finished-at="2018-11-14T22:10:33Z">
          <reporter-output>
          </reporter-output>
        </test-method> <!-- tearDown -->
      </class> <!-- tests.OMSFunctional -->
    </test> <!-- OMS Tests -->
  </suite> <!-- SmokeTests -->
</testng-results>
