<?xml version="1.0" encoding="UTF-8"?>
<testng-results skipped="0" failed="0" ignored="0" total="14" passed="14">
  <reporter-output>
  </reporter-output>
  <suite name="Tests" duration-ms="93400" started-at="2018-11-10T10:09:08Z" finished-at="2018-11-10T10:10:42Z">
    <groups>
    </groups>
    <test name="SmokeTests" duration-ms="58678" started-at="2018-11-10T10:09:08Z" finished-at="2018-11-10T10:10:07Z">
      <class name="smokeTests.LoginPage">
        <test-method status="PASS" signature="setUp(java.lang.String, java.lang.String, java.lang.String)[pri:0, instance:smokeTests.LoginPage@36902638]" name="setUp" is-config="true" duration-ms="2879" started-at="2018-11-10T10:09:45Z" finished-at="2018-11-10T10:09:48Z">
          <params>
            <param index="0">
              <value>
                <![CDATA[headless]]>
              </value>
            </param>
            <param index="1">
              <value>
                <![CDATA[prod]]>
              </value>
            </param>
            <param index="2">
              <value>
                <![CDATA[D:\\Automation\\Applications\\Drivers\\]]>
              </value>
            </param>
          </params>
          <reporter-output>
          </reporter-output>
        </test-method> <!-- setUp -->
        <test-method status="PASS" signature="normalUserLogin()[pri:0, instance:smokeTests.LoginPage@36902638]" name="normalUserLogin" duration-ms="7828" started-at="2018-11-10T10:09:48Z" finished-at="2018-11-10T10:09:56Z">
          <reporter-output>
          </reporter-output>
        </test-method> <!-- normalUserLogin -->
        <test-method status="PASS" signature="tearDown()[pri:0, instance:smokeTests.LoginPage@36902638]" name="tearDown" is-config="true" duration-ms="225" started-at="2018-11-10T10:09:56Z" finished-at="2018-11-10T10:09:56Z">
          <reporter-output>
          </reporter-output>
        </test-method> <!-- tearDown -->
        <test-method status="PASS" signature="setUp(java.lang.String, java.lang.String, java.lang.String)[pri:0, instance:smokeTests.LoginPage@36902638]" name="setUp" is-config="true" duration-ms="2947" started-at="2018-11-10T10:09:56Z" finished-at="2018-11-10T10:09:59Z">
          <params>
            <param index="0">
              <value>
                <![CDATA[headless]]>
              </value>
            </param>
            <param index="1">
              <value>
                <![CDATA[prod]]>
              </value>
            </param>
            <param index="2">
              <value>
                <![CDATA[D:\\Automation\\Applications\\Drivers\\]]>
              </value>
            </param>
          </params>
          <reporter-output>
          </reporter-output>
        </test-method> <!-- setUp -->
        <test-method status="PASS" signature="omsUserLogin()[pri:0, instance:smokeTests.LoginPage@36902638]" name="omsUserLogin" duration-ms="7729" started-at="2018-11-10T10:09:59Z" finished-at="2018-11-10T10:10:07Z">
          <reporter-output>
          </reporter-output>
        </test-method> <!-- omsUserLogin -->
        <test-method status="PASS" signature="tearDown()[pri:0, instance:smokeTests.LoginPage@36902638]" name="tearDown" is-config="true" duration-ms="176" started-at="2018-11-10T10:10:07Z" finished-at="2018-11-10T10:10:07Z">
          <reporter-output>
          </reporter-output>
        </test-method> <!-- tearDown -->
      </class> <!-- smokeTests.LoginPage -->
      <class name="smokeTests.MainPage">
        <test-method status="PASS" signature="setUp(java.lang.String, java.lang.String, java.lang.String)[pri:0, instance:smokeTests.MainPage@1d2adfbe]" name="setUp" is-config="true" duration-ms="3531" started-at="2018-11-10T10:09:08Z" finished-at="2018-11-10T10:09:12Z">
          <params>
            <param index="0">
              <value>
                <![CDATA[headless]]>
              </value>
            </param>
            <param index="1">
              <value>
                <![CDATA[prod]]>
              </value>
            </param>
            <param index="2">
              <value>
                <![CDATA[D:\\Automation\\Applications\\Drivers\\]]>
              </value>
            </param>
          </params>
          <reporter-output>
          </reporter-output>
        </test-method> <!-- setUp -->
        <test-method status="PASS" signature="AccountCorrectDestination()[pri:0, instance:smokeTests.MainPage@1d2adfbe]" name="AccountCorrectDestination" duration-ms="2150" started-at="2018-11-10T10:09:12Z" finished-at="2018-11-10T10:09:14Z">
          <reporter-output>
          </reporter-output>
        </test-method> <!-- AccountCorrectDestination -->
        <test-method status="PASS" signature="tearDown()[pri:0, instance:smokeTests.MainPage@1d2adfbe]" name="tearDown" is-config="true" duration-ms="77" started-at="2018-11-10T10:09:14Z" finished-at="2018-11-10T10:09:14Z">
          <reporter-output>
          </reporter-output>
        </test-method> <!-- tearDown -->
        <test-method status="PASS" signature="setUp(java.lang.String, java.lang.String, java.lang.String)[pri:0, instance:smokeTests.MainPage@1d2adfbe]" name="setUp" is-config="true" duration-ms="2923" started-at="2018-11-10T10:09:14Z" finished-at="2018-11-10T10:09:17Z">
          <params>
            <param index="0">
              <value>
                <![CDATA[headless]]>
              </value>
            </param>
            <param index="1">
              <value>
                <![CDATA[prod]]>
              </value>
            </param>
            <param index="2">
              <value>
                <![CDATA[D:\\Automation\\Applications\\Drivers\\]]>
              </value>
            </param>
          </params>
          <reporter-output>
          </reporter-output>
        </test-method> <!-- setUp -->
        <test-method status="PASS" signature="BasketCorrectDestination()[pri:0, instance:smokeTests.MainPage@1d2adfbe]" name="BasketCorrectDestination" duration-ms="1979" started-at="2018-11-10T10:09:17Z" finished-at="2018-11-10T10:09:19Z">
          <reporter-output>
          </reporter-output>
        </test-method> <!-- BasketCorrectDestination -->
        <test-method status="PASS" signature="tearDown()[pri:0, instance:smokeTests.MainPage@1d2adfbe]" name="tearDown" is-config="true" duration-ms="76" started-at="2018-11-10T10:09:19Z" finished-at="2018-11-10T10:09:19Z">
          <reporter-output>
          </reporter-output>
        </test-method> <!-- tearDown -->
        <test-method status="PASS" signature="setUp(java.lang.String, java.lang.String, java.lang.String)[pri:0, instance:smokeTests.MainPage@1d2adfbe]" name="setUp" is-config="true" duration-ms="3083" started-at="2018-11-10T10:09:19Z" finished-at="2018-11-10T10:09:22Z">
          <params>
            <param index="0">
              <value>
                <![CDATA[headless]]>
              </value>
            </param>
            <param index="1">
              <value>
                <![CDATA[prod]]>
              </value>
            </param>
            <param index="2">
              <value>
                <![CDATA[D:\\Automation\\Applications\\Drivers\\]]>
              </value>
            </param>
          </params>
          <reporter-output>
          </reporter-output>
        </test-method> <!-- setUp -->
        <test-method status="PASS" signature="LogoCorrectDestination()[pri:0, instance:smokeTests.MainPage@1d2adfbe]" name="LogoCorrectDestination" duration-ms="2013" started-at="2018-11-10T10:09:22Z" finished-at="2018-11-10T10:09:24Z">
          <reporter-output>
          </reporter-output>
        </test-method> <!-- LogoCorrectDestination -->
        <test-method status="PASS" signature="tearDown()[pri:0, instance:smokeTests.MainPage@1d2adfbe]" name="tearDown" is-config="true" duration-ms="71" started-at="2018-11-10T10:09:24Z" finished-at="2018-11-10T10:09:24Z">
          <reporter-output>
          </reporter-output>
        </test-method> <!-- tearDown -->
        <test-method status="PASS" signature="setUp(java.lang.String, java.lang.String, java.lang.String)[pri:0, instance:smokeTests.MainPage@1d2adfbe]" name="setUp" is-config="true" duration-ms="2980" started-at="2018-11-10T10:09:24Z" finished-at="2018-11-10T10:09:27Z">
          <params>
            <param index="0">
              <value>
                <![CDATA[headless]]>
              </value>
            </param>
            <param index="1">
              <value>
                <![CDATA[prod]]>
              </value>
            </param>
            <param index="2">
              <value>
                <![CDATA[D:\\Automation\\Applications\\Drivers\\]]>
              </value>
            </param>
          </params>
          <reporter-output>
          </reporter-output>
        </test-method> <!-- setUp -->
        <test-method status="PASS" signature="mainpageAccountPresent()[pri:0, instance:smokeTests.MainPage@1d2adfbe]" name="mainpageAccountPresent" duration-ms="502" started-at="2018-11-10T10:09:27Z" finished-at="2018-11-10T10:09:28Z">
          <reporter-output>
          </reporter-output>
        </test-method> <!-- mainpageAccountPresent -->
        <test-method status="PASS" signature="tearDown()[pri:0, instance:smokeTests.MainPage@1d2adfbe]" name="tearDown" is-config="true" duration-ms="71" started-at="2018-11-10T10:09:28Z" finished-at="2018-11-10T10:09:28Z">
          <reporter-output>
          </reporter-output>
        </test-method> <!-- tearDown -->
        <test-method status="PASS" signature="setUp(java.lang.String, java.lang.String, java.lang.String)[pri:0, instance:smokeTests.MainPage@1d2adfbe]" name="setUp" is-config="true" duration-ms="2992" started-at="2018-11-10T10:09:28Z" finished-at="2018-11-10T10:09:31Z">
          <params>
            <param index="0">
              <value>
                <![CDATA[headless]]>
              </value>
            </param>
            <param index="1">
              <value>
                <![CDATA[prod]]>
              </value>
            </param>
            <param index="2">
              <value>
                <![CDATA[D:\\Automation\\Applications\\Drivers\\]]>
              </value>
            </param>
          </params>
          <reporter-output>
          </reporter-output>
        </test-method> <!-- setUp -->
        <test-method status="PASS" signature="mainpageBasketPresent()[pri:0, instance:smokeTests.MainPage@1d2adfbe]" name="mainpageBasketPresent" duration-ms="469" started-at="2018-11-10T10:09:31Z" finished-at="2018-11-10T10:09:31Z">
          <reporter-output>
          </reporter-output>
        </test-method> <!-- mainpageBasketPresent -->
        <test-method status="PASS" signature="tearDown()[pri:0, instance:smokeTests.MainPage@1d2adfbe]" name="tearDown" is-config="true" duration-ms="71" started-at="2018-11-10T10:09:31Z" finished-at="2018-11-10T10:09:31Z">
          <reporter-output>
          </reporter-output>
        </test-method> <!-- tearDown -->
        <test-method status="PASS" signature="setUp(java.lang.String, java.lang.String, java.lang.String)[pri:0, instance:smokeTests.MainPage@1d2adfbe]" name="setUp" is-config="true" duration-ms="2909" started-at="2018-11-10T10:09:31Z" finished-at="2018-11-10T10:09:34Z">
          <params>
            <param index="0">
              <value>
                <![CDATA[headless]]>
              </value>
            </param>
            <param index="1">
              <value>
                <![CDATA[prod]]>
              </value>
            </param>
            <param index="2">
              <value>
                <![CDATA[D:\\Automation\\Applications\\Drivers\\]]>
              </value>
            </param>
          </params>
          <reporter-output>
          </reporter-output>
        </test-method> <!-- setUp -->
        <test-method status="PASS" signature="mainpageLogoPresent()[pri:0, instance:smokeTests.MainPage@1d2adfbe]" name="mainpageLogoPresent" duration-ms="185" started-at="2018-11-10T10:09:34Z" finished-at="2018-11-10T10:09:34Z">
          <reporter-output>
          </reporter-output>
        </test-method> <!-- mainpageLogoPresent -->
        <test-method status="PASS" signature="tearDown()[pri:0, instance:smokeTests.MainPage@1d2adfbe]" name="tearDown" is-config="true" duration-ms="72" started-at="2018-11-10T10:09:34Z" finished-at="2018-11-10T10:09:34Z">
          <reporter-output>
          </reporter-output>
        </test-method> <!-- tearDown -->
        <test-method status="PASS" signature="setUp(java.lang.String, java.lang.String, java.lang.String)[pri:0, instance:smokeTests.MainPage@1d2adfbe]" name="setUp" is-config="true" duration-ms="2961" started-at="2018-11-10T10:09:34Z" finished-at="2018-11-10T10:09:37Z">
          <params>
            <param index="0">
              <value>
                <![CDATA[headless]]>
              </value>
            </param>
            <param index="1">
              <value>
                <![CDATA[prod]]>
              </value>
            </param>
            <param index="2">
              <value>
                <![CDATA[D:\\Automation\\Applications\\Drivers\\]]>
              </value>
            </param>
          </params>
          <reporter-output>
          </reporter-output>
        </test-method> <!-- setUp -->
        <test-method status="PASS" signature="mainpageTitleCorrect()[pri:0, instance:smokeTests.MainPage@1d2adfbe]" name="mainpageTitleCorrect" duration-ms="57" started-at="2018-11-10T10:09:37Z" finished-at="2018-11-10T10:09:38Z">
          <reporter-output>
          </reporter-output>
        </test-method> <!-- mainpageTitleCorrect -->
        <test-method status="PASS" signature="tearDown()[pri:0, instance:smokeTests.MainPage@1d2adfbe]" name="tearDown" is-config="true" duration-ms="74" started-at="2018-11-10T10:09:38Z" finished-at="2018-11-10T10:09:38Z">
          <reporter-output>
          </reporter-output>
        </test-method> <!-- tearDown -->
        <test-method status="PASS" signature="setUp(java.lang.String, java.lang.String, java.lang.String)[pri:0, instance:smokeTests.MainPage@1d2adfbe]" name="setUp" is-config="true" duration-ms="3570" started-at="2018-11-10T10:09:38Z" finished-at="2018-11-10T10:09:41Z">
          <params>
            <param index="0">
              <value>
                <![CDATA[headless]]>
              </value>
            </param>
            <param index="1">
              <value>
                <![CDATA[prod]]>
              </value>
            </param>
            <param index="2">
              <value>
                <![CDATA[D:\\Automation\\Applications\\Drivers\\]]>
              </value>
            </param>
          </params>
          <reporter-output>
          </reporter-output>
        </test-method> <!-- setUp -->
        <test-method status="PASS" signature="resultsBlockPresent()[pri:0, instance:smokeTests.MainPage@1d2adfbe]" name="resultsBlockPresent" duration-ms="675" started-at="2018-11-10T10:09:41Z" finished-at="2018-11-10T10:09:42Z">
          <reporter-output>
          </reporter-output>
        </test-method> <!-- resultsBlockPresent -->
        <test-method status="PASS" signature="tearDown()[pri:0, instance:smokeTests.MainPage@1d2adfbe]" name="tearDown" is-config="true" duration-ms="276" started-at="2018-11-10T10:09:42Z" finished-at="2018-11-10T10:09:42Z">
          <reporter-output>
          </reporter-output>
        </test-method> <!-- tearDown -->
        <test-method status="PASS" signature="setUp(java.lang.String, java.lang.String, java.lang.String)[pri:0, instance:smokeTests.MainPage@1d2adfbe]" name="setUp" is-config="true" duration-ms="2885" started-at="2018-11-10T10:09:42Z" finished-at="2018-11-10T10:09:45Z">
          <params>
            <param index="0">
              <value>
                <![CDATA[headless]]>
              </value>
            </param>
            <param index="1">
              <value>
                <![CDATA[prod]]>
              </value>
            </param>
            <param index="2">
              <value>
                <![CDATA[D:\\Automation\\Applications\\Drivers\\]]>
              </value>
            </param>
          </params>
          <reporter-output>
          </reporter-output>
        </test-method> <!-- setUp -->
        <test-method status="PASS" signature="searchBarPresent()[pri:0, instance:smokeTests.MainPage@1d2adfbe]" name="searchBarPresent" duration-ms="136" started-at="2018-11-10T10:09:45Z" finished-at="2018-11-10T10:09:45Z">
          <reporter-output>
          </reporter-output>
        </test-method> <!-- searchBarPresent -->
        <test-method status="PASS" signature="tearDown()[pri:0, instance:smokeTests.MainPage@1d2adfbe]" name="tearDown" is-config="true" duration-ms="70" started-at="2018-11-10T10:09:45Z" finished-at="2018-11-10T10:09:45Z">
          <reporter-output>
          </reporter-output>
        </test-method> <!-- tearDown -->
      </class> <!-- smokeTests.MainPage -->
    </test> <!-- SmokeTests -->
    <test name="OMS Tests" duration-ms="34568" started-at="2018-11-10T10:10:07Z" finished-at="2018-11-10T10:10:42Z">
      <class name="tests.OMSVisiblity">
        <test-method status="PASS" signature="setUp(java.lang.String, java.lang.String, java.lang.String)[pri:0, instance:tests.OMSVisiblity@49e53c76]" name="setUp" is-config="true" duration-ms="2799" started-at="2018-11-10T10:10:07Z" finished-at="2018-11-10T10:10:10Z">
          <params>
            <param index="0">
              <value>
                <![CDATA[headless]]>
              </value>
            </param>
            <param index="1">
              <value>
                <![CDATA[prod]]>
              </value>
            </param>
            <param index="2">
              <value>
                <![CDATA[D:\\Automation\\Applications\\Drivers\\]]>
              </value>
            </param>
          </params>
          <reporter-output>
          </reporter-output>
        </test-method> <!-- setUp -->
        <test-method status="PASS" signature="omsCategoryNotVisible()[pri:0, instance:tests.OMSVisiblity@49e53c76]" name="omsCategoryNotVisible" duration-ms="7181" started-at="2018-11-10T10:10:10Z" finished-at="2018-11-10T10:10:17Z">
          <reporter-output>
          </reporter-output>
        </test-method> <!-- omsCategoryNotVisible -->
        <test-method status="PASS" signature="tearDown()[pri:0, instance:tests.OMSVisiblity@49e53c76]" name="tearDown" is-config="true" duration-ms="76" started-at="2018-11-10T10:10:17Z" finished-at="2018-11-10T10:10:17Z">
          <reporter-output>
          </reporter-output>
        </test-method> <!-- tearDown -->
        <test-method status="PASS" signature="setUp(java.lang.String, java.lang.String, java.lang.String)[pri:0, instance:tests.OMSVisiblity@49e53c76]" name="setUp" is-config="true" duration-ms="4818" started-at="2018-11-10T10:10:17Z" finished-at="2018-11-10T10:10:22Z">
          <params>
            <param index="0">
              <value>
                <![CDATA[headless]]>
              </value>
            </param>
            <param index="1">
              <value>
                <![CDATA[prod]]>
              </value>
            </param>
            <param index="2">
              <value>
                <![CDATA[D:\\Automation\\Applications\\Drivers\\]]>
              </value>
            </param>
          </params>
          <reporter-output>
          </reporter-output>
        </test-method> <!-- setUp -->
        <test-method status="PASS" signature="omsCategoryVisible()[pri:0, instance:tests.OMSVisiblity@49e53c76]" name="omsCategoryVisible" duration-ms="8888" started-at="2018-11-10T10:10:22Z" finished-at="2018-11-10T10:10:31Z">
          <reporter-output>
          </reporter-output>
        </test-method> <!-- omsCategoryVisible -->
        <test-method status="PASS" signature="tearDown()[pri:0, instance:tests.OMSVisiblity@49e53c76]" name="tearDown" is-config="true" duration-ms="75" started-at="2018-11-10T10:10:31Z" finished-at="2018-11-10T10:10:31Z">
          <reporter-output>
          </reporter-output>
        </test-method> <!-- tearDown -->
        <test-method status="PASS" signature="setUp(java.lang.String, java.lang.String, java.lang.String)[pri:0, instance:tests.OMSVisiblity@49e53c76]" name="setUp" is-config="true" duration-ms="2943" started-at="2018-11-10T10:10:31Z" finished-at="2018-11-10T10:10:34Z">
          <params>
            <param index="0">
              <value>
                <![CDATA[headless]]>
              </value>
            </param>
            <param index="1">
              <value>
                <![CDATA[prod]]>
              </value>
            </param>
            <param index="2">
              <value>
                <![CDATA[D:\\Automation\\Applications\\Drivers\\]]>
              </value>
            </param>
          </params>
          <reporter-output>
          </reporter-output>
        </test-method> <!-- setUp -->
        <test-method status="PASS" signature="omsProductVisible()[pri:0, instance:tests.OMSVisiblity@49e53c76]" name="omsProductVisible" duration-ms="7712" started-at="2018-11-10T10:10:34Z" finished-at="2018-11-10T10:10:42Z">
          <reporter-output>
          </reporter-output>
        </test-method> <!-- omsProductVisible -->
        <test-method status="PASS" signature="tearDown()[pri:0, instance:tests.OMSVisiblity@49e53c76]" name="tearDown" is-config="true" duration-ms="72" started-at="2018-11-10T10:10:42Z" finished-at="2018-11-10T10:10:42Z">
          <reporter-output>
          </reporter-output>
        </test-method> <!-- tearDown -->
      </class> <!-- tests.OMSVisiblity -->
    </test> <!-- OMS Tests -->
  </suite> <!-- Tests -->
</testng-results>
