<?xml version="1.0" encoding="UTF-8"?>
<!-- Generated by org.testng.reporters.JUnitXMLReporter -->
<testsuite hostname="DESKTOP-0GOSDQT" ignored="0" name="OMS Tests" tests="6" failures="0" timestamp="14 Nov 2018 22:10:33 GMT" time="226.545" errors="0">
  <testcase name="omsCategoryNotVisible" time="8.691" classname="tests.OMSVisiblity"/>
  <testcase name="omsCategoryVisible" time="7.917" classname="tests.OMSVisiblity"/>
  <testcase name="omsProductVisible" time="8.719" classname="tests.OMSVisiblity"/>
  <testcase name="SearchResultGoToProduct" time="3.774" classname="tests.OMSFunctional"/>
  <testcase name="SearchResultsName" time="1.315" classname="tests.OMSFunctional"/>
  <testcase name="SearchResultsSKU" time="0.765" classname="tests.OMSFunctional"/>
</testsuite> <!-- OMS Tests -->
