<?xml version="1.0" encoding="UTF-8"?>
<!-- Generated by org.testng.reporters.JUnitXMLReporter -->
<testsuite hostname="DESKTOP-0GOSDQT" ignored="0" name="PageTests" tests="12" failures="2" timestamp="14 Nov 2018 22:06:47 GMT" time="193.717" errors="0">
  <testcase name="AccountCorrectDestination" time="35.193" classname="smokeTests.MainPage"/>
  <testcase name="BasketCorrectDestination" time="4.643" classname="smokeTests.MainPage"/>
  <testcase name="LogoCorrectDestination" time="1.209" classname="smokeTests.MainPage"/>
  <testcase name="mainpageAccountPresent" time="0.138" classname="smokeTests.MainPage"/>
  <testcase name="mainpageBasketPresent" time="0.148" classname="smokeTests.MainPage"/>
  <testcase name="mainpageLogoPresent" time="0.102" classname="smokeTests.MainPage"/>
  <testcase name="mainpageTitleCorrect" time="0.029" classname="smokeTests.MainPage"/>
  <testcase name="resultsBlockPresent" time="0.605" classname="smokeTests.MainPage">
    <failure type="java.lang.AssertionError" message="expected [true] but found [false]">
      <![CDATA[java.lang.AssertionError: expected [true] but found [false]
at smokeTests.MainPage.resultsBlockPresent(MainPage.java:46)
... Removed 29 stack frames]]>
    </failure>
  </testcase> <!-- resultsBlockPresent -->
  <testcase name="searchBarPresent" time="0.036" classname="smokeTests.MainPage"/>
  <testcase name="normalUserLogin" time="8.905" classname="smokeTests.LoginPage"/>
  <testcase name="omsUserLogin" time="8.88" classname="smokeTests.LoginPage"/>
  <testcase name="alwaysFails" time="0.001" classname="smokeTests.ProductDetailsPage">
    <failure type="java.lang.AssertionError" message="expected [0] but found [1]">
      <![CDATA[java.lang.AssertionError: expected [0] but found [1]
at smokeTests.ProductDetailsPage.alwaysFails(ProductDetailsPage.java:20)
... Removed 31 stack frames]]>
    </failure>
  </testcase> <!-- alwaysFails -->
</testsuite> <!-- PageTests -->
