<?xml version="1.0" encoding="UTF-8"?>
<!-- Generated by org.testng.reporters.JUnitXMLReporter -->
<testsuite hostname="DESKTOP-0GOSDQT" ignored="0" name="Default test" tests="9" failures="0" timestamp="09 Nov 2018 15:39:32 GMT" time="51.476" errors="0">
  <testcase name="AccountCorrectDestination" time="1.759" classname="smokeTests.MainPage"/>
  <testcase name="BasketCorrectDestination" time="1.847" classname="smokeTests.MainPage"/>
  <testcase name="LogoCorrectDestination" time="1.731" classname="smokeTests.MainPage"/>
  <testcase name="mainpageAccountPresent" time="0.414" classname="smokeTests.MainPage"/>
  <testcase name="mainpageBasketPresent" time="0.465" classname="smokeTests.MainPage"/>
  <testcase name="mainpageLogoPresent" time="0.121" classname="smokeTests.MainPage"/>
  <testcase name="mainpageTitleCorrect" time="0.112" classname="smokeTests.MainPage"/>
  <testcase name="resultsBlockPresent" time="0.588" classname="smokeTests.MainPage"/>
  <testcase name="searchBarPresent" time="0.121" classname="smokeTests.MainPage"/>
</testsuite> <!-- Default test -->
