<?xml version="1.0" encoding="UTF-8"?>
<!-- Generated by org.testng.reporters.JUnitXMLReporter -->
<testsuite hostname="DESKTOP-0GOSDQT" ignored="0" name="Pages" tests="3" failures="0" timestamp="09 Nov 2018 12:30:08 GMT" time="27.057" errors="0">
  <testcase name="validLogin" time="3.773" classname="smokeTests.LoginPage"/>
  <testcase name="mainpageElementsPresentTest" time="0.876" classname="smokeTests.MainPage"/>
  <testcase name="mainpageLinksCorrectDestination" time="6.52" classname="smokeTests.MainPage"/>
</testsuite> <!-- Pages -->
